[     239ms] [INFO] %cDownload the React DevTools for a better development experience: https://reactjs.org/link/react-devtools font-weight:bold @ http://localhost:3000/node_modules/.vite/deps/chunk-NUMECXU6.js?v=77f121f3:21550
[     265ms] [ERROR] Failed to load resource: the server responded with a status of 404 (Not Found) @ http://localhost:3000/favicon.ico:0
[     269ms] [LOG] i18next::backendConnector: loaded namespace common for language en {app: Object, nav: Object, theme: Object, language: Object, backend: Object} @ http://localhost:3000/node_modules/.vite/deps/i18next.js?v=b87f0fcc:207
[     276ms] [LOG] i18next::backendConnector: loaded namespace common for language es {app: Object, nav: Object, theme: Object, language: Object, backend: Object} @ http://localhost:3000/node_modules/.vite/deps/i18next.js?v=b87f0fcc:207
[     277ms] [LOG] i18next: languageChanged es-ES @ http://localhost:3000/node_modules/.vite/deps/i18next.js?v=b87f0fcc:207
[     277ms] [LOG] i18next: initialized {debug: true, initAsync: true, ns: Array(1), defaultNS: common, fallbackLng: Array(1)} @ http://localhost:3000/node_modules/.vite/deps/i18next.js?v=b87f0fcc:207
[     321ms] [WARNING] ⚠️ React Router Future Flag Warning: React Router will begin wrapping state updates in `React.startTransition` in v7. You can use the `v7_startTransition` future flag to opt-in early. For more information, see https://reactrouter.com/v6/upgrading/future#v7_starttransition. @ http://localhost:3000/node_modules/.vite/deps/react-router-dom.js?v=2003ccd7:4435
[     321ms] [WARNING] ⚠️ React Router Future Flag Warning: Relative route resolution within Splat routes is changing in v7. You can use the `v7_relativeSplatPath` future flag to opt-in early. For more information, see https://reactrouter.com/v6/upgrading/future#v7_relativesplatpath. @ http://localhost:3000/node_modules/.vite/deps/react-router-dom.js?v=2003ccd7:4435
[  253990ms] [LOG] [vite] server connection lost. Polling for restart... @ http://localhost:3000/@vite/client:559
[  253993ms] [ERROR] Failed to load resource: net::ERR_SOCKET_NOT_CONNECTED @ http://localhost:3000/:0
[  254994ms] [ERROR] Failed to load resource: net::ERR_CONNECTION_RESET @ http://localhost:3000/:0
[  256931ms] [INFO] %cDownload the React DevTools for a better development experience: https://reactjs.org/link/react-devtools font-weight:bold @ http://localhost:3000/node_modules/.vite/deps/chunk-NUMECXU6.js?v=193c0047:21550
[  256963ms] [LOG] i18next::backendConnector: loaded namespace common for language es {app: Object, nav: Object, theme: Object, language: Object, backend: Object} @ http://localhost:3000/node_modules/.vite/deps/i18next.js?v=1d3e9c9c:207
[  256972ms] [LOG] i18next::backendConnector: loaded namespace common for language en {app: Object, nav: Object, theme: Object, language: Object, backend: Object} @ http://localhost:3000/node_modules/.vite/deps/i18next.js?v=1d3e9c9c:207
[  256973ms] [LOG] i18next: languageChanged es-ES @ http://localhost:3000/node_modules/.vite/deps/i18next.js?v=1d3e9c9c:207
[  256973ms] [LOG] i18next: initialized {debug: true, initAsync: true, ns: Array(1), defaultNS: common, fallbackLng: Array(1)} @ http://localhost:3000/node_modules/.vite/deps/i18next.js?v=1d3e9c9c:207
[  257024ms] [WARNING] ⚠️ React Router Future Flag Warning: React Router will begin wrapping state updates in `React.startTransition` in v7. You can use the `v7_startTransition` future flag to opt-in early. For more information, see https://reactrouter.com/v6/upgrading/future#v7_starttransition. @ http://localhost:3000/node_modules/.vite/deps/react-router-dom.js?v=3705dd36:4435
[  257024ms] [WARNING] ⚠️ React Router Future Flag Warning: Relative route resolution within Splat routes is changing in v7. You can use the `v7_relativeSplatPath` future flag to opt-in early. For more information, see https://reactrouter.com/v6/upgrading/future#v7_relativesplatpath. @ http://localhost:3000/node_modules/.vite/deps/react-router-dom.js?v=3705dd36:4435
[ 1414405ms] [LOG] [vite] server connection lost. Polling for restart... @ http://localhost:3000/@vite/client:559
[ 1414407ms] [ERROR] Failed to load resource: net::ERR_CONNECTION_RESET @ http://localhost:3000/:0
[ 1416563ms] [INFO] %cDownload the React DevTools for a better development experience: https://reactjs.org/link/react-devtools font-weight:bold @ http://localhost:3000/node_modules/.vite/deps/chunk-NUMECXU6.js?v=8e7c5a80:21550
[ 1416588ms] [LOG] i18next::backendConnector: loaded namespace common for language es {app: Object, nav: Object, theme: Object, language: Object, backend: Object} @ http://localhost:3000/node_modules/.vite/deps/i18next.js?v=400efd0a:207
[ 1416593ms] [LOG] i18next::backendConnector: loaded namespace common for language en {app: Object, nav: Object, theme: Object, language: Object, backend: Object} @ http://localhost:3000/node_modules/.vite/deps/i18next.js?v=400efd0a:207
[ 1416593ms] [LOG] i18next: languageChanged es-ES @ http://localhost:3000/node_modules/.vite/deps/i18next.js?v=400efd0a:207
[ 1416594ms] [LOG] i18next: initialized {debug: true, initAsync: true, ns: Array(1), defaultNS: common, fallbackLng: Array(1)} @ http://localhost:3000/node_modules/.vite/deps/i18next.js?v=400efd0a:207
[ 1416628ms] [WARNING] ⚠️ React Router Future Flag Warning: React Router will begin wrapping state updates in `React.startTransition` in v7. You can use the `v7_startTransition` future flag to opt-in early. For more information, see https://reactrouter.com/v6/upgrading/future#v7_starttransition. @ http://localhost:3000/node_modules/.vite/deps/react-router-dom.js?v=2d285eb9:4435
[ 1416628ms] [WARNING] ⚠️ React Router Future Flag Warning: Relative route resolution within Splat routes is changing in v7. You can use the `v7_relativeSplatPath` future flag to opt-in early. For more information, see https://reactrouter.com/v6/upgrading/future#v7_relativesplatpath. @ http://localhost:3000/node_modules/.vite/deps/react-router-dom.js?v=2d285eb9:4435
[ 1714154ms] [LOG] [vite] server connection lost. Polling for restart... @ http://localhost:3000/@vite/client:559
[ 1714156ms] [ERROR] Failed to load resource: net::ERR_CONNECTION_RESET @ http://localhost:3000/:0
[ 1716395ms] [INFO] %cDownload the React DevTools for a better development experience: https://reactjs.org/link/react-devtools font-weight:bold @ http://localhost:3000/node_modules/.vite/deps/chunk-NUMECXU6.js?v=5524b706:21550
[ 1716423ms] [LOG] i18next::backendConnector: loaded namespace common for language en {app: Object, nav: Object, theme: Object, language: Object, backend: Object} @ http://localhost:3000/node_modules/.vite/deps/i18next.js?v=8c7bdf14:207
[ 1716425ms] [LOG] i18next::backendConnector: loaded namespace common for language es {app: Object, nav: Object, theme: Object, language: Object, backend: Object} @ http://localhost:3000/node_modules/.vite/deps/i18next.js?v=8c7bdf14:207
[ 1716425ms] [LOG] i18next: languageChanged es-ES @ http://localhost:3000/node_modules/.vite/deps/i18next.js?v=8c7bdf14:207
[ 1716426ms] [LOG] i18next: initialized {debug: true, initAsync: true, ns: Array(1), defaultNS: common, fallbackLng: Array(1)} @ http://localhost:3000/node_modules/.vite/deps/i18next.js?v=8c7bdf14:207
[ 1716473ms] [WARNING] ⚠️ React Router Future Flag Warning: React Router will begin wrapping state updates in `React.startTransition` in v7. You can use the `v7_startTransition` future flag to opt-in early. For more information, see https://reactrouter.com/v6/upgrading/future#v7_starttransition. @ http://localhost:3000/node_modules/.vite/deps/react-router-dom.js?v=3361a332:4435
[ 1716474ms] [WARNING] ⚠️ React Router Future Flag Warning: Relative route resolution within Splat routes is changing in v7. You can use the `v7_relativeSplatPath` future flag to opt-in early. For more information, see https://reactrouter.com/v6/upgrading/future#v7_relativesplatpath. @ http://localhost:3000/node_modules/.vite/deps/react-router-dom.js?v=3361a332:4435
[ 2600136ms] [LOG] [vite] server connection lost. Polling for restart... @ http://localhost:3000/@vite/client:559
[ 2600139ms] [ERROR] Failed to load resource: net::ERR_SOCKET_NOT_CONNECTED @ http://localhost:3000/:0
[ 2601141ms] [ERROR] Failed to load resource: net::ERR_CONNECTION_RESET @ http://localhost:3000/:0
[ 2602996ms] [INFO] %cDownload the React DevTools for a better development experience: https://reactjs.org/link/react-devtools font-weight:bold @ http://localhost:3000/node_modules/.vite/deps/chunk-NUMECXU6.js?v=93c30664:21550
[ 2603019ms] [LOG] i18next::backendConnector: loaded namespace common for language es {app: Object, nav: Object, theme: Object, language: Object, backend: Object} @ http://localhost:3000/node_modules/.vite/deps/i18next.js?v=0dd6f87c:207
[ 2603027ms] [LOG] i18next::backendConnector: loaded namespace common for language en {app: Object, nav: Object, theme: Object, language: Object, backend: Object} @ http://localhost:3000/node_modules/.vite/deps/i18next.js?v=0dd6f87c:207
[ 2603027ms] [LOG] i18next: languageChanged es-ES @ http://localhost:3000/node_modules/.vite/deps/i18next.js?v=0dd6f87c:207
[ 2603027ms] [LOG] i18next: initialized {debug: true, initAsync: true, ns: Array(1), defaultNS: common, fallbackLng: Array(1)} @ http://localhost:3000/node_modules/.vite/deps/i18next.js?v=0dd6f87c:207
[ 2603064ms] [WARNING] ⚠️ React Router Future Flag Warning: React Router will begin wrapping state updates in `React.startTransition` in v7. You can use the `v7_startTransition` future flag to opt-in early. For more information, see https://reactrouter.com/v6/upgrading/future#v7_starttransition. @ http://localhost:3000/node_modules/.vite/deps/react-router-dom.js?v=e9fa3a1b:4435
[ 2603064ms] [WARNING] ⚠️ React Router Future Flag Warning: Relative route resolution within Splat routes is changing in v7. You can use the `v7_relativeSplatPath` future flag to opt-in early. For more information, see https://reactrouter.com/v6/upgrading/future#v7_relativesplatpath. @ http://localhost:3000/node_modules/.vite/deps/react-router-dom.js?v=e9fa3a1b:4435
